Copyright 1986-2021 Xilinx, Inc. All Rights Reserved.
-------------------------------------------------------------------------------------------------------------
| Tool Version : Vivado v.2021.2 (lin64) Build 3367213 Tue Oct 19 02:47:39 MDT 2021
| Date         : Mon Oct 10 20:53:45 2022
| Host         : carvouno3.ics.forth.gr running 64-bit AlmaLinux release 8.6 (Sky Tiger)
| Command      : report_utilization -file ALUdesign_utilization_synth.rpt -pb ALUdesign_utilization_synth.pb
| Design       : ALUdesign
| Device       : xcku040-ffva1156-2-e
| Speed File   : -2
| Design State : Synthesized
-------------------------------------------------------------------------------------------------------------

Utilization Design Information

Table of Contents
-----------------
1. CLB Logic
1.1 Summary of Registers by Type
2. BLOCKRAM
3. ARITHMETIC
4. I/O
5. CLOCK
6. ADVANCED
7. CONFIGURATION
8. Primitives
9. Black Boxes
10. Instantiated Netlists

1. CLB Logic
------------

+-------------------------+------+-------+------------+-----------+-------+
|        Site Type        | Used | Fixed | Prohibited | Available | Util% |
+-------------------------+------+-------+------------+-----------+-------+
| CLB LUTs*               |   99 |     0 |          0 |    242400 |  0.04 |
|   LUT as Logic          |   99 |     0 |          0 |    242400 |  0.04 |
|   LUT as Memory         |    0 |     0 |          0 |    112800 |  0.00 |
| CLB Registers           |  119 |     0 |          0 |    484800 |  0.02 |
|   Register as Flip Flop |  119 |     0 |          0 |    484800 |  0.02 |
|   Register as Latch     |    0 |     0 |          0 |    484800 |  0.00 |
| CARRY8                  |    6 |     0 |          0 |     30300 |  0.02 |
| F7 Muxes                |    0 |     0 |          0 |    121200 |  0.00 |
| F8 Muxes                |    0 |     0 |          0 |     60600 |  0.00 |
| F9 Muxes                |    0 |     0 |          0 |     30300 |  0.00 |
+-------------------------+------+-------+------------+-----------+-------+
* Warning! The Final LUT count, after physical optimizations and full implementation, is typically lower. Run opt_design after synthesis, if not already completed, for a more realistic count.


1.1 Summary of Registers by Type
--------------------------------

+-------+--------------+-------------+--------------+
| Total | Clock Enable | Synchronous | Asynchronous |
+-------+--------------+-------------+--------------+
| 0     |            _ |           - |            - |
| 0     |            _ |           - |          Set |
| 0     |            _ |           - |        Reset |
| 0     |            _ |         Set |            - |
| 0     |            _ |       Reset |            - |
| 0     |          Yes |           - |            - |
| 0     |          Yes |           - |          Set |
| 0     |          Yes |           - |        Reset |
| 48    |          Yes |         Set |            - |
| 71    |          Yes |       Reset |            - |
+-------+--------------+-------------+--------------+


2. BLOCKRAM
-----------

+----------------+------+-------+------------+-----------+-------+
|    Site Type   | Used | Fixed | Prohibited | Available | Util% |
+----------------+------+-------+------------+-----------+-------+
| Block RAM Tile |    0 |     0 |          0 |       600 |  0.00 |
|   RAMB36/FIFO* |    0 |     0 |          0 |       600 |  0.00 |
|   RAMB18       |    0 |     0 |          0 |      1200 |  0.00 |
+----------------+------+-------+------------+-----------+-------+
* Note: Each Block RAM Tile only has one FIFO logic available and therefore can accommodate only one FIFO36E2 or one FIFO18E2. However, if a FIFO18E2 occupies a Block RAM Tile, that tile can still accommodate a RAMB18E2


3. ARITHMETIC
-------------

+----------------+------+-------+------------+-----------+-------+
|    Site Type   | Used | Fixed | Prohibited | Available | Util% |
+----------------+------+-------+------------+-----------+-------+
| DSPs           |    2 |     0 |          0 |      1920 |  0.10 |
|   DSP48E2 only |    2 |       |            |           |       |
+----------------+------+-------+------------+-----------+-------+


4. I/O
------

+------------+------+-------+------------+-----------+-------+
|  Site Type | Used | Fixed | Prohibited | Available | Util% |
+------------+------+-------+------------+-----------+-------+
| Bonded IOB |  109 |     0 |          0 |       520 | 20.96 |
+------------+------+-------+------------+-----------+-------+


5. CLOCK
--------

+----------------------+------+-------+------------+-----------+-------+
|       Site Type      | Used | Fixed | Prohibited | Available | Util% |
+----------------------+------+-------+------------+-----------+-------+
| GLOBAL CLOCK BUFFERs |    1 |     0 |          0 |       480 |  0.21 |
|   BUFGCE             |    1 |     0 |          0 |       240 |  0.42 |
|   BUFGCE_DIV         |    0 |     0 |          0 |        40 |  0.00 |
|   BUFG_GT            |    0 |     0 |          0 |       120 |  0.00 |
|   BUFGCTRL*          |    0 |     0 |          0 |        80 |  0.00 |
| PLLE3_ADV            |    0 |     0 |          0 |        20 |  0.00 |
| MMCME3_ADV           |    0 |     0 |          0 |        10 |  0.00 |
+----------------------+------+-------+------------+-----------+-------+
* Note: Each used BUFGCTRL counts as two GLOBAL CLOCK BUFFERs. This table does not include global clocking resources, only buffer cell usage. See the Clock Utilization Report (report_clock_utilization) for detailed accounting of global clocking resource availability.


6. ADVANCED
-----------

+-----------------+------+-------+------------+-----------+-------+
|    Site Type    | Used | Fixed | Prohibited | Available | Util% |
+-----------------+------+-------+------------+-----------+-------+
| GTHE3_CHANNEL   |    0 |     0 |          0 |        20 |  0.00 |
| GTHE3_COMMON    |    0 |     0 |          0 |         5 |  0.00 |
| IBUFDS_GTE3     |    0 |     0 |          0 |        10 |  0.00 |
| OBUFDS_GTE3     |    0 |     0 |          0 |        10 |  0.00 |
| OBUFDS_GTE3_ADV |    0 |     0 |          0 |        10 |  0.00 |
| PCIE_3_1        |    0 |     0 |          0 |         3 |  0.00 |
| SYSMONE1        |    0 |     0 |          0 |         1 |  0.00 |
+-----------------+------+-------+------------+-----------+-------+


7. CONFIGURATION
----------------

+-------------+------+-------+------------+-----------+-------+
|  Site Type  | Used | Fixed | Prohibited | Available | Util% |
+-------------+------+-------+------------+-----------+-------+
| BSCANE2     |    0 |     0 |          0 |         4 |  0.00 |
| DNA_PORTE2  |    0 |     0 |          0 |         1 |  0.00 |
| EFUSE_USR   |    0 |     0 |          0 |         1 |  0.00 |
| FRAME_ECCE3 |    0 |     0 |          0 |         1 |  0.00 |
| ICAPE3      |    0 |     0 |          0 |         2 |  0.00 |
| MASTER_JTAG |    0 |     0 |          0 |         1 |  0.00 |
| STARTUPE3   |    0 |     0 |          0 |         1 |  0.00 |
+-------------+------+-------+------------+-----------+-------+


8. Primitives
-------------

+----------+------+---------------------+
| Ref Name | Used | Functional Category |
+----------+------+---------------------+
| INBUF    |   73 |                 I/O |
| IBUFCTRL |   73 |              Others |
| FDRE     |   71 |            Register |
| FDSE     |   48 |            Register |
| OBUF     |   36 |                 I/O |
| LUT3     |   36 |                 CLB |
| LUT4     |   28 |                 CLB |
| LUT6     |   25 |                 CLB |
| LUT5     |   10 |                 CLB |
| LUT2     |    9 |                 CLB |
| CARRY8   |    6 |                 CLB |
| LUT1     |    2 |                 CLB |
| DSP48E2  |    2 |          Arithmetic |
| BUFGCE   |    1 |               Clock |
+----------+------+---------------------+


9. Black Boxes
--------------

+----------+------+
| Ref Name | Used |
+----------+------+


10. Instantiated Netlists
-------------------------

+----------+------+
| Ref Name | Used |
+----------+------+


